<?xml version="1.0" encoding="UTF-8"?>
<testsuite name="impacta.NumberRangesTests" tests="6" skipped="0" failures="0" errors="0" timestamp="2024-07-08T09:48:58" hostname="192-168-0-102.local" time="0.021">
  <properties/>
  <testcase name="outOfOrder()" classname="impacta.NumberRangesTests" time="0.014"/>
  <testcase name="whiteSpaces()" classname="impacta.NumberRangesTests" time="0.001"/>
  <testcase name="rangeOnEnds()" classname="impacta.NumberRangesTests" time="0.001"/>
  <testcase name="singleOnEnds()" classname="impacta.NumberRangesTests" time="0.001"/>
  <testcase name="oneRange()" classname="impacta.NumberRangesTests" time="0.001"/>
  <testcase name="noRange()" classname="impacta.NumberRangesTests" time="0.001"/>
  <system-out><![CDATA[1, 3, 6-9, 12, 14-16, 18-19, 21
1, 3, 6-9, 12, 14-16, 18-19, 21
3-5, 8, 11, 13-17, 19, 23-25
1, 3, 6-8, 12-15, 21-24, 31
1-21
1, 3, 5, 7, 9, 11, 13, 15, 17, 19
]]></system-out>
  <system-err><![CDATA[]]></system-err>
</testsuite>
